<?xml version="1.0" encoding="UTF-8"?>
<!-- Generated by org.testng.reporters.JUnitXMLReporter -->
<testsuite ignored="0" hostname="VALLI" failures="1" tests="2" name="chrometest(failed)" time="21.199" errors="0" timestamp="2025-01-19T13:18:00 IST">
  <testcase classname="testCases.TC002_AccountLoginTest" name="verify_Login" time="11.746">
    <failure type="java.lang.AssertionError" message="Login fail expected [true] but found [false]">
      <![CDATA[java.lang.AssertionError: Login fail expected [true] but found [false]
at testCases.TC002_AccountLoginTest.verify_Login(TC002_AccountLoginTest.java:35)
at java.base/java.util.ArrayList.forEach(ArrayList.java:1597)
... Removed 30 stack frames]]>
    </failure>
  </testcase> <!-- verify_Login -->
  <testcase classname="testCases.TC001_AccountRegistrationTest" name="Verify_Account_SignIn" time="2.583"/>
</testsuite> <!-- chrometest(failed) -->
